<?xml version="1.0" encoding="UTF-8"?>
<robot generator="Robot 3.1.1 (Python 3.7.2 on win32)" generated="20190222 15:00:13.978" rpa="false">
<suite id="s1" name="Tests" source="E:\Documents\GitHub\JenkinsPipeline\RobotFiles\Tests.robot">
<test id="s1-t1" name="Launch Browser">
<kw name="Open Browser" library="SeleniumLibrary">
<doc>Opens a new browser instance to the given ``url``.</doc>
<arguments>
<arg>${url}</arg>
<arg>firefox</arg>
</arguments>
<msg timestamp="20190222 15:00:14.137" level="INFO">Opening browser 'firefox' to base url 'https://www.google.com'.</msg>
<status status="PASS" starttime="20190222 15:00:14.137" endtime="20190222 15:00:20.525"></status>
</kw>
<kw name="Sleep" library="BuiltIn">
<doc>Pauses the test executed for the given time.</doc>
<arguments>
<arg>5</arg>
</arguments>
<msg timestamp="20190222 15:00:25.526" level="INFO">Slept 5 seconds</msg>
<status status="PASS" starttime="20190222 15:00:20.525" endtime="20190222 15:00:25.526"></status>
</kw>
<kw name="Close Browser" library="SeleniumLibrary">
<doc>Closes the current browser.</doc>
<status status="PASS" starttime="20190222 15:00:25.526" endtime="20190222 15:00:26.229"></status>
</kw>
<status status="PASS" starttime="20190222 15:00:14.136" endtime="20190222 15:00:26.230" critical="yes"></status>
</test>
<status status="PASS" starttime="20190222 15:00:13.980" endtime="20190222 15:00:26.232"></status>
</suite>
<statistics>
<total>
<stat pass="1" fail="0">Critical Tests</stat>
<stat pass="1" fail="0">All Tests</stat>
</total>
<tag>
</tag>
<suite>
<stat pass="1" fail="0" id="s1" name="Tests">Tests</stat>
</suite>
</statistics>
<errors>
</errors>
</robot>
